<?xml version="1.0" encoding="utf-8"?><testsuites name="pytest tests"><testsuite name="pytest" errors="0" failures="0" skipped="0" tests="6" time="21.940" timestamp="2026-03-18T21:55:12.725661-03:00" hostname="CIDLAB7M64"><testcase classname="test_aula4" name="test_cep_valido_aluminio" time="1.731" /><testcase classname="test_aula4" name="test_cep_valido_itu" time="1.734" /><testcase classname="test_aula4" name="test_cep_errado_cidade_certa" time="1.776" /><testcase classname="test_aula4" name="test_cidade_inexistente" time="1.747" /><testcase classname="test_aula4" name="test_cidade_Piracicaba" time="1.991" /><testcase classname="test_aula4" name="test_cidade_Sorocaba" time="10.245" /></testsuite></testsuites>