<?xml version="1.0" encoding="utf-8"?><testsuites name="pytest tests"><testsuite name="pytest" errors="0" failures="0" skipped="0" tests="6" time="11.927" timestamp="2026-03-20T20:17:29.121532-03:00" hostname="CIDLAB109M0031"><testcase classname="test_aula4" name="test_cep_valido_aluminio" time="0.931" /><testcase classname="test_aula4" name="test_cep_valido_itu" time="0.961" /><testcase classname="test_aula4" name="test_cep_errado_cidade_certa" time="0.972" /><testcase classname="test_aula4" name="test_cidade_inexistente" time="0.974" /><testcase classname="test_aula4" name="test_cidade_Piracicaba" time="0.970" /><testcase classname="test_aula4" name="test_cidade_Sorocaba" time="5.764" /></testsuite></testsuites>